<?xml version="1.0" encoding="UTF-8"?>
<!-- Generated by org.testng.reporters.JUnitXMLReporter -->
<testsuite hostname="AS-40" ignored="31" name="login" tests="36" failures="1" timestamp="2022-12-12T11:47:30 EET" time="190.375" errors="0">
  <testcase name="clcallowLocationPermissionTestLogin" time="2.914" classname="common.allowLocationPermissionTest"/>
  <testcase name="clcikLogin" time="0.216" classname="login.ClickloginbuttonfromHomescreenTest"/>
  <testcase name="allowSMSpermissionTest" time="0.141" classname="login.ClickloginbuttonfromHomescreenTest"/>
  <testcase name="SelectCountyCode" time="0.32" classname="login.ClickloginbuttonfromHomescreenTest"/>
  <testcase name="Searchforcounrty" time="1.144" classname="login.ClickloginbuttonfromHomescreenTest"/>
  <testcase name="SelectEgypt" time="0.614" classname="login.ClickloginbuttonfromHomescreenTest"/>
  <testcase name="addPoliceMobileNumber" time="0.702" classname="login.ClickloginbuttonfromHomescreenTest"/>
  <testcase name="clickContinue" time="1.167" classname="login.ClickloginbuttonfromHomescreenTest"/>
  <testcase name="getotpPolice" time="9.277" classname="login.ClickloginbuttonfromHomescreenTest"/>
  <testcase name="ClickMenu" time="5.154" classname="common.MenuTest"/>
  <testcase name="ClickProfile" time="0.191" classname="common.ProfilefromMenuTest"/>
  <testcase name="addInvalidName" time="0.141" classname="DubaiPoliceAccount.AddPoliceDataTest"/>
  <testcase name="addInvalidmilitaryNumber" time="0.165" classname="DubaiPoliceAccount.AddPoliceDataTest"/>
  <testcase name="clickRank" time="0.181" classname="DubaiPoliceAccount.AddPoliceDataTest"/>
  <testcase name="preformdragsheetout" time="0.554" classname="DubaiPoliceAccount.AddPoliceDataTest"/>
  <testcase name="selectRankItem" time="0.249" classname="DubaiPoliceAccount.AddPoliceDataTest"/>
  <testcase name="preformScrollDownAction" time="0.542" classname="DubaiPoliceAccount.AddPoliceDataTest"/>
  <testcase name="addInValidepartment" time="0.708" classname="DubaiPoliceAccount.AddPoliceDataTest"/>
  <testcase name="clickStationstation" time="0.809" classname="DubaiPoliceAccount.AddPoliceDataTest"/>
  <testcase name="preformdragsheetoutt" time="0.515" classname="DubaiPoliceAccount.AddPoliceDataTest"/>
  <testcase name="selectstationItem" time="5.247" classname="DubaiPoliceAccount.AddPoliceDataTest"/>
  <testcase name="clcikSigniture" time="0.161" classname="DubaiPoliceAccount.AddPoliceDataTest"/>
  <testcase name="signinAction" time="0.693" classname="DubaiPoliceAccount.AddPoliceDataTest"/>
  <testcase name="clearsigninAction" time="0.633" classname="DubaiPoliceAccount.AddPoliceDataTest"/>
  <testcase name="savesigninAction" time="0.76" classname="DubaiPoliceAccount.AddPoliceDataTest"/>
  <testcase name="validatesignINErrorMessage" time="0.524" classname="DubaiPoliceAccount.AddPoliceDataTest"/>
  <testcase name="closesignuture" time="1.258" classname="DubaiPoliceAccount.AddPoliceDataTest"/>
  <testcase name="clcikSigniture2" time="0.148" classname="DubaiPoliceAccount.AddPoliceDataTest"/>
  <testcase name="signin2Action" time="8.206" classname="DubaiPoliceAccount.AddPoliceDataTest"/>
  <testcase name="savesigninAction2" time="0.118" classname="DubaiPoliceAccount.AddPoliceDataTest"/>
  <testcase name="clciksave2" time="10.768" classname="DubaiPoliceAccount.AddPoliceDataTest"/>
  <testcase name="AClickSave" time="1.079" classname="DubaiPoliceAccount.checkProfileValidationTest"/>
  <testcase name="BpreformScrollUpAction" time="0.525" classname="DubaiPoliceAccount.checkProfileValidationTest"/>
  <testcase name="validateNameError" time="0.28" classname="DubaiPoliceAccount.checkProfileValidationTest"/>
  <testcase name="validateMilitaryError" time="15.481" classname="DubaiPoliceAccount.checkProfileValidationTest">
    <failure type="org.openqa.selenium.NoSuchElementException" message="Can&amp;apos;t locate an element by this strategy: By.chained({By.id: com.eci.era:id/militaryNumberError})">
      <![CDATA[org.openqa.selenium.NoSuchElementException: Can't locate an element by this strategy: By.chained({By.id: com.eci.era:id/militaryNumberError})
at io.appium.java_client.pagefactory.AppiumElementLocator.findElement(AppiumElementLocator.java:126)
at io.appium.java_client.pagefactory.interceptors.InterceptorOfASingleElement.intercept(InterceptorOfASingleElement.java:59)
at io.appium.java_client.android.AndroidElement$$EnhancerByCGLIB$$b598166c.getText(<generated>)
at com.ERA.screens.DubaiPoliceProfileScreen.validateMilitaryNumberMandatoryMessage(DubaiPoliceProfileScreen.java:52)
at DubaiPoliceAccount.checkProfileValidationTest.validateMilitaryError(checkProfileValidationTest.java:49)
at java.util.ArrayList.forEach(ArrayList.java:1259)
Caused by: org.openqa.selenium.TimeoutException: Expected condition failed: waiting for io.appium.java_client.pagefactory.AppiumElementLocator$WaitingFunction@7ba93755 (tried for 1 second(s) with 500 milliseconds interval)
at org.openqa.selenium.support.ui.FluentWait.timeoutException(FluentWait.java:304)
at org.openqa.selenium.support.ui.FluentWait.until(FluentWait.java:272)
at io.appium.java_client.pagefactory.AppiumElementLocator.waitFor(AppiumElementLocator.java:99)
at io.appium.java_client.pagefactory.AppiumElementLocator.findElement(AppiumElementLocator.java:119)
... 32 more
Caused by: org.openqa.selenium.NoSuchElementException: Cannot locate an element using By.chained({By.id: com.eci.era:id/militaryNumberError})
For documentation on this error, please visit: https://www.seleniumhq.org/exceptions/no_such_element.html
Build info: version: '3.141.59', revision: 'e82be7d358', time: '2018-11-14T08:17:03'
System info: host: 'AS-40', ip: '192.168.80.157', os.name: 'Windows 10', os.arch: 'amd64', os.version: '10.0', java.version: '1.8.0-262'
Driver info: driver.version: AndroidDriver
at io.appium.java_client.pagefactory.bys.builder.ByChained.findElement(ByChained.java:74)
at org.openqa.selenium.remote.RemoteWebDriver.findElement(RemoteWebDriver.java:315)
at io.appium.java_client.DefaultGenericMobileDriver.findElement(DefaultGenericMobileDriver.java:58)
at io.appium.java_client.AppiumDriver.findElement(AppiumDriver.java:1)
at io.appium.java_client.android.AndroidDriver.findElement(AndroidDriver.java:1)
at io.appium.java_client.pagefactory.bys.ContentMappedBy.findElement(ContentMappedBy.java:50)
at org.openqa.selenium.remote.RemoteWebDriver.findElement(RemoteWebDriver.java:315)
at io.appium.java_client.DefaultGenericMobileDriver.findElement(DefaultGenericMobileDriver.java:58)
at io.appium.java_client.AppiumDriver.findElement(AppiumDriver.java:1)
at io.appium.java_client.android.AndroidDriver.findElement(AndroidDriver.java:1)
at io.appium.java_client.pagefactory.AppiumElementLocator.lambda$0(AppiumElementLocator.java:120)
at io.appium.java_client.pagefactory.AppiumElementLocator$WaitingFunction.apply(AppiumElementLocator.java:172)
at io.appium.java_client.pagefactory.AppiumElementLocator$WaitingFunction.apply(AppiumElementLocator.java:1)
at org.openqa.selenium.support.ui.FluentWait.until(FluentWait.java:249)
... 34 more
... Removed 27 stack frames]]>
    </failure>
  </testcase> <!-- validateMilitaryError -->
  <testcase name="preformScrollAction" time="0.447" classname="DubaiPoliceAccount.checkProfileValidationTest"/>
  <testcase name="addName" time="0.0" classname="DubaiPoliceAccount.AddPoliceDataTest">
    <ignored/>
  </testcase> <!-- addName -->
  <testcase name="validatedepartmentError" time="0.0" classname="DubaiPoliceAccount.checkProfileValidationTest">
    <ignored/>
  </testcase> <!-- validatedepartmentError -->
  <testcase name="@AfterTest afterTest" time="0.0" classname="com.ERA.base.Base">
    <ignored/>
  </testcase> <!-- @AfterTest afterTest -->
  <testcase name="@AfterTest afterTest" time="0.0" classname="com.ERA.base.Base">
    <ignored/>
  </testcase> <!-- @AfterTest afterTest -->
  <testcase name="@AfterTest afterTest" time="0.0" classname="com.ERA.base.Base">
    <ignored/>
  </testcase> <!-- @AfterTest afterTest -->
  <testcase name="@AfterTest afterTest" time="0.0" classname="com.ERA.base.Base">
    <ignored/>
  </testcase> <!-- @AfterTest afterTest -->
  <testcase name="@AfterTest afterTest" time="0.0" classname="com.ERA.base.Base">
    <ignored/>
  </testcase> <!-- @AfterTest afterTest -->
  <testcase name="validateStationError" time="0.0" classname="DubaiPoliceAccount.checkProfileValidationTest">
    <ignored/>
  </testcase> <!-- validateStationError -->
  <testcase name="@BeforeTest beforeClass" time="0.0" classname="com.ERA.base.Base">
    <ignored/>
  </testcase> <!-- @BeforeTest beforeClass -->
  <testcase name="@BeforeTest beforeClass" time="0.0" classname="com.ERA.base.Base">
    <ignored/>
  </testcase> <!-- @BeforeTest beforeClass -->
  <testcase name="@BeforeTest beforeClass" time="0.0" classname="com.ERA.base.Base">
    <ignored/>
  </testcase> <!-- @BeforeTest beforeClass -->
  <testcase name="@BeforeTest beforeClass" time="0.0" classname="com.ERA.base.Base">
    <ignored/>
  </testcase> <!-- @BeforeTest beforeClass -->
  <testcase name="@BeforeTest beforeClass" time="0.0" classname="com.ERA.base.Base">
    <ignored/>
  </testcase> <!-- @BeforeTest beforeClass -->
  <testcase name="validateSignitureError" time="0.0" classname="DubaiPoliceAccount.checkProfileValidationTest">
    <ignored/>
  </testcase> <!-- validateSignitureError -->
  <testcase name="preformScrollUpAction" time="0.0" classname="DubaiPoliceAccount.checkProfileValidationTest">
    <ignored/>
  </testcase> <!-- preformScrollUpAction -->
  <testcase name="addmilitaryNumber" time="0.0" classname="DubaiPoliceAccount.AddPoliceDataTest">
    <ignored/>
  </testcase> <!-- addmilitaryNumber -->
  <testcase name="validateRankError" time="0.0" classname="DubaiPoliceAccount.checkProfileValidationTest">
    <ignored/>
  </testcase> <!-- validateRankError -->
  <testcase name="@BeforeSuite beforeSuite" time="0.0" classname="com.ERA.base.Base">
    <ignored/>
  </testcase> <!-- @BeforeSuite beforeSuite -->
  <testcase name="@BeforeSuite beforeSuite" time="0.0" classname="com.ERA.base.Base">
    <ignored/>
  </testcase> <!-- @BeforeSuite beforeSuite -->
  <testcase name="@BeforeSuite beforeSuite" time="0.0" classname="com.ERA.base.Base">
    <ignored/>
  </testcase> <!-- @BeforeSuite beforeSuite -->
  <testcase name="@BeforeSuite beforeSuite" time="0.0" classname="com.ERA.base.Base">
    <ignored/>
  </testcase> <!-- @BeforeSuite beforeSuite -->
  <testcase name="@BeforeSuite beforeSuite" time="0.0" classname="com.ERA.base.Base">
    <ignored/>
  </testcase> <!-- @BeforeSuite beforeSuite -->
  <testcase name="getotp" time="0.0" classname="login.ClickloginbuttonfromHomescreenTest">
    <ignored/>
  </testcase> <!-- getotp -->
  <testcase name="CheckProfileDataIsIncompleteMessage" time="0.0" classname="DubaiPoliceAccount.checkProfileValidationTest">
    <ignored/>
  </testcase> <!-- CheckProfileDataIsIncompleteMessage -->
  <testcase name="addMobileNumber" time="0.0" classname="login.ClickloginbuttonfromHomescreenTest">
    <ignored/>
  </testcase> <!-- addMobileNumber -->
  <testcase name="@AfterSuite afterSuite" time="0.0" classname="com.ERA.base.Base">
    <ignored/>
  </testcase> <!-- @AfterSuite afterSuite -->
  <testcase name="@AfterSuite afterSuite" time="0.0" classname="com.ERA.base.Base">
    <ignored/>
  </testcase> <!-- @AfterSuite afterSuite -->
  <testcase name="@AfterSuite afterSuite" time="0.0" classname="com.ERA.base.Base">
    <ignored/>
  </testcase> <!-- @AfterSuite afterSuite -->
  <testcase name="@AfterSuite afterSuite" time="0.0" classname="com.ERA.base.Base">
    <ignored/>
  </testcase> <!-- @AfterSuite afterSuite -->
  <testcase name="@AfterSuite afterSuite" time="0.0" classname="com.ERA.base.Base">
    <ignored/>
  </testcase> <!-- @AfterSuite afterSuite -->
  <testcase name="addValidepartment" time="0.0" classname="DubaiPoliceAccount.AddPoliceDataTest">
    <ignored/>
  </testcase> <!-- addValidepartment -->
</testsuite> <!-- login -->
